1533368593365	geckodriver	INFO	geckodriver 0.21.0
1533368593552	geckodriver	INFO	Listening on 127.0.0.1:11307
1533368596503	mozrunner::runner	INFO	Running command: "C:\\Program Files\\Mozilla Firefox\\firefox.exe" "-marionette" "-foreground" "-no-remote" "-profile" "C:\\Users\\e27sa\\AppData\\Local\\Temp\\rust_mozprofile.crT8dYSsWx41"
Unable to read VR Path Registry from C:\Users\e27sa\AppData\Local\openvr\openvrpaths.vrpath
Unable to read VR Path Registry from C:\Users\e27sa\AppData\Local\openvr\openvrpaths.vrpath
Unable to read VR Path Registry from C:\Users\e27sa\AppData\Local\openvr\openvrpaths.vrpath
Unable to read VR Path Registry from C:\Users\e27sa\AppData\Local\openvr\openvrpaths.vrpath
Unable to read VR Path Registry from C:\Users\e27sa\AppData\Local\openvr\openvrpaths.vrpath
1533368605180	Marionette	INFO	Listening on port 11315
1533368606010	Marionette	WARN	TLS certificate errors will be ignored for this session
1533368607372	addons.xpi	WARN	Exception running bootstrap method shutdown on activity-stream@mozilla.org: [Exception... "Component returned failure code: 0x80004005 (NS_ERROR_FAILURE) [nsIObserverService.removeObserver]"  nsresult: "0x80004005 (NS_ERROR_FAILURE)"  location: "JS frame :: resource://activity-stream/lib/TelemetryFeed.jsm :: uninit :: line 493"  data: no] Stack trace: uninit()@resource://activity-stream/lib/TelemetryFeed.jsm:493
onAction()@resource://activity-stream/lib/TelemetryFeed.jsm:451
_middleware/</<()@resource://activity-stream/lib/Store.jsm:51
Store/this[method]()@resource://activity-stream/lib/Store.jsm:29
uninit()@resource://activity-stream/lib/Store.jsm:170
uninit()@resource://activity-stream/lib/ActivityStream.jsm:318
uninit()@resource://gre/modules/addons/XPIProvider.jsm -> jar:file:///C:/Program%20Files/Mozilla%20Firefox/browser/features/activity-stream@mozilla.org.xpi!/bootstrap.js:79
shutdown()@resource://gre/modules/addons/XPIProvider.jsm -> jar:file:///C:/Program%20Files/Mozilla%20Firefox/browser/features/activity-stream@mozilla.org.xpi!/bootstrap.js:187
callBootstrapMethod()@resource://gre/modules/addons/XPIProvider.jsm:2757
observe()@resource://gre/modules/addons/XPIProvider.jsm:1672
GeckoDriver.prototype.quit()@driver.js:3282
despatch()@server.js:294
execute()@server.js:268
onPacket/<()@server.js:243
onPacket()@server.js:242
_onJSONObjectReady/<()@transport.js:500
[Parent 9948, Gecko_IOThread] WARNING: pipe error: 109: file z:/build/build/src/ipc/chromium/src/chrome/common/ipc_channel_win.cc, line 346
JavaScript error: resource:///modules/SavantShieldStudy.jsm, line 171: TypeError: this.addonListener is undefined
[Child 8064, Chrome_ChildThread] WARNING: pipe error: 109: file z:/build/build/src/ipc/chromium/src/chrome/common/ipc_channel_win.cc, line 346
[Child 806[Child 8660, Chrome_ChildThread] WARNING: pipe error: 109: file z:/build/build/src/ipc/chromium/src/chrome/common/ipc_channel_win.cc, line 346
[Child 8660, Chro[Parent 9948, Gecko_IOThread] WARNING: pipe error: 109: file z:/build/build/src/ipc/chromium/src/chrome/common/ipc_channel_win.cc, line 346
[Child 9088, Chrome_ChildThread] WARNING: pipe error: 109: file z:/build/build/src/ipc/chromium/src/chrome/common/ipc_channel_win.cc, line 346
[Child 9088, JavaScript error: resource://gre/modules/JSONFile.jsm, line 159: Error: Data is not ready.
JavaScript error: resource://gre/modules/JSONFile.jsm, line 159: Error: Data is not ready.
JavaScript error: resource://gre/modules/JSONFile.jsm, line 159: Error: Data is not ready.

###!!! [Parent][DispatchAsyncMessage] Error: PBackgroundIDBFactory::Msg_PBackgroundIDBFactoryRequestConstructor Value error: message was deserialized, but contained an illegal value


###!!! [Parent][DispatchAsyncMessage] Error: PBackgroundIDBFactory::Msg_PBackgroundIDBFactoryRequestConstructor Value error: message was deserialized, but contained an illegal value

*** UTM:SVC TimerManager:registerTimer called after profile-before-change notification. Ignoring timer registration for id: telemetry_modules_ping
[GPU 10264, Ch
###!!! [Child][MessageChannel::SendAndWait] Error: Channel error: cannot send/recv

1533368619965	geckodriver	INFO	geckodriver 0.21.0
1533368619976	geckodriver	INFO	Listening on 127.0.0.1:11338
1533368622994	mozrunner::runner	INFO	Running command: "C:\\Program Files\\Mozilla Firefox\\firefox.exe" "-marionette" "-foreground" "-no-remote" "-profile" "C:\\Users\\e27sa\\AppData\\Local\\Temp\\rust_mozprofile.3uKhDKfI7VSo"
Unable to read VR Path Registry from C:\Users\e27sa\AppData\Local\openvr\openvrpaths.vrpath
Unable to read VR Path Registry from C:\Users\e27sa\AppData\Local\openvr\openvrpaths.vrpath
Unable to read VR Path Registry from C:\Users\e27sa\AppData\Local\openvr\openvrpaths.vrpath
Unable to read VR Path Registry from C:\Users\e27sa\AppData\Local\openvr\openvrpaths.vrpath
Unable to read VR Path Registry from C:\Users\e27sa\AppData\Local\openvr\openvrpaths.vrpath
1533368627978	Marionette	INFO	Listening on port 11346
1533368628867	Marionette	WARN	TLS certificate errors will be ignored for this session
1533368631440	addons.xpi	WARN	Exception running bootstrap method shutdown on activity-stream@mozilla.org: [Exception... "Component returned failure code: 0x80004005 (NS_ERROR_FAILURE) [nsIObserverService.removeObserver]"  nsresult: "0x80004005 (NS_ERROR_FAILURE)"  location: "JS frame :: resource://activity-stream/lib/TelemetryFeed.jsm :: uninit :: line 493"  data: no] Stack trace: uninit()@resource://activity-stream/lib/TelemetryFeed.jsm:493
onAction()@resource://activity-stream/lib/TelemetryFeed.jsm:451
_middleware/</<()@resource://activity-stream/lib/Store.jsm:51
Store/this[method]()@resource://activity-stream/lib/Store.jsm:29
uninit()@resource://activity-stream/lib/Store.jsm:170
uninit()@resource://activity-stream/lib/ActivityStream.jsm:318
uninit()@resource://gre/modules/addons/XPIProvider.jsm -> jar:file:///C:/Program%20Files/Mozilla%20Firefox/browser/features/activity-stream@mozilla.org.xpi!/bootstrap.js:79
shutdown()@resource://gre/modules/addons/XPIProvider.jsm -> jar:file:///C:/Program%20Files/Mozilla%20Firefox/browser/features/activity-stream@mozilla.org.xpi!/bootstrap.js:187
callBootstrapMethod()@resource://gre/modules/addons/XPIProvider.jsm:2757
observe()@resource://gre/modules/addons/XPIProvider.jsm:1672
[Child 7152, Chrome_ChildThread] WARNING: pipe error: 109: file z:/build/build/src/ipc/chromium/src/chrome/common/ipc_channel_win.cc, line 346
[Child 715[Parent 7204, Gecko_IOThread] WARNING: pipe error: 109: file z:/build/build/src/ipc/chromium/src/chrome/common/ipc_channel_win.cc, line 346
[Child 3888, Chrome_ChildThread] WARNING: pipe error: 109: file z:/build/build/src/ipc/chromium/src/chrome/common/ipc_channel_win.cc, line 346
[Child 3888JavaScript error: resource://gre/modules/JSONFile.jsm, line 159: Error: Data is not ready.

###!!! [Parent][DispatchAsyncMessage] Error: PBackgroundIDBFactory::Msg_PBackgroundIDBFactoryRequestConstructor Value error: message was deserialized, but contained an illegal value


###!!! [Parent][DispatchAsyncMessage] Error: PBackgroundIDBFactory::Msg_PBackgroundIDBFactoryRequestConstructor Value error: message was deserialized, but contained an illegal value

*** UTM:SVC TimerManager:registerTimer called after profile-before-change notification. Ignoring timer registration for id: telemetry_modules_ping
[GPU 6068, Chr
###!!! [Child][MessageChannel::SendAndWait] Error: Channel error: cannot send/recv

1533371379326	geckodriver	INFO	geckodriver 0.21.0
1533371379338	geckodriver	INFO	Listening on 127.0.0.1:11414
1533371382385	mozrunner::runner	INFO	Running command: "C:\\Program Files\\Mozilla Firefox\\firefox.exe" "-marionette" "-foreground" "-no-remote" "-profile" "C:\\Users\\e27sa\\AppData\\Local\\Temp\\rust_mozprofile.elawXDZaFAqv"
Unable to read VR Path Registry from C:\Users\e27sa\AppData\Local\openvr\openvrpaths.vrpath
Unable to read VR Path Registry from C:\Users\e27sa\AppData\Local\openvr\openvrpaths.vrpath
Unable to read VR Path Registry from C:\Users\e27sa\AppData\Local\openvr\openvrpaths.vrpath
Unable to read VR Path Registry from C:\Users\e27sa\AppData\Local\openvr\openvrpaths.vrpath
Unable to read VR Path Registry from C:\Users\e27sa\AppData\Local\openvr\openvrpaths.vrpath
1533371388750	Marionette	INFO	Listening on port 11422
1533371388933	Marionette	WARN	TLS certificate errors will be ignored for this session
[Parent 4932, Gecko_IOThread] WARNING: pipe error: 109: file z:/build/build/src/ipc/chromium/src/chrome/common/ipc_channel_win.cc, line 346
[Parent 4932, Gecko_IOThread] WARNING: pipe error: 109: file z:/build/build/src/ipc/chromium/src/chrome/common/ipc_channel_win.cc, line 346
[Parent 4932, Gecko_IOThread] WARNING: pipe error: 109: file z:/build/build/src/ipc/chromium/src/chrome/common/ipc_channel_win.cc, line 346
*** UTM:SVC TimerManager:registerTimer called after profile-before-change notification. Ignoring timer registration for id: telemetry_modules_ping
[GPU 316
###!!! [Child][MessageChannel::SendAndWait] Error: Channel error: cannot send/recv

1533371438533	geckodriver	INFO	geckodriver 0.21.0
1533371438545	geckodriver	INFO	Listening on 127.0.0.1:11456
1533371441565	mozrunner::runner	INFO	Running command: "C:\\Program Files\\Mozilla Firefox\\firefox.exe" "-marionette" "-foreground" "-no-remote" "-profile" "C:\\Users\\e27sa\\AppData\\Local\\Temp\\rust_mozprofile.BUkhrdBUu35e"
Unable to read VR Path Registry from C:\Users\e27sa\AppData\Local\openvr\openvrpaths.vrpath
Unable to read VR Path Registry from C:\Users\e27sa\AppData\Local\openvr\openvrpaths.vrpath
Unable to read VR Path Registry from C:\Users\e27sa\AppData\Local\openvr\openvrpaths.vrpath
Unable to read VR Path Registry from C:\Users\e27sa\AppData\Local\openvr\openvrpaths.vrpath
Unable to read VR Path Registry from C:\Users\e27sa\AppData\Local\openvr\openvrpaths.vrpath
1533371446420	Marionette	INFO	Listening on port 11464
1533371447306	Marionette	WARN	TLS certificate errors will be ignored for this session
JavaScript error: http://mydy.dypatil.edu/rait/lib/javascript.php/1524215314/lib/requirejs/require.min.js, line 12: Error: Mismatched anonymous define() module: function(){return nt}
http://requirejs.org/docs/errors.html#mismatch
JavaScript error: http://mydy.dypatil.edu/rait/login/index.php?uname=suj.rok.rt17@rait.ac.in&wantsurl=, line 243: TypeError: M.theme_essential is undefined
[Parent 5464, Gecko_IOThread] WARNING: pipe error: 109: file z:/build/build/src/ipc/chromium/src/chrome/common/ipc_channel_win.cc, line 346
[Parent 5464, Gecko_IOThread] WARNING: pipe error: 109: file z:/build/build/src/ipc/chromium/src/chrome/common/ipc_channel_win.cc, line 346
[Child 2872, Chrome_ChildThread] WARNING: pipe error: 109: file z:/build/build/src/ipc/chromium/src/chrome/common/ipc_channel_win.cc, line 346
[Child 2872, Chrome_ChildThread] WARNING: pipe error: 109: file z:/build/build/src/ipc/chromium/src/chrome/common/ipc_channel_win.cc, line 346
[Child 8308, Chrome_ChildThread] WARNING: pipe error: 109: file z:/build/build/src/ipc/chromium/src/chrome/common/ipc_channel_win.cc, line 346
[Child 830[Parent 5464, Gecko_IOThread] WARNING: pipe error: 109: file z:/build/build/src/ipc/chromium/src/chrome/common/ipc_channel_win.cc, line 346
*** UTM:SVC TimerManager:registerTimer called after profile-before-change notification. Ignoring timer registration for id: telemetry_modules_ping
[GPU 1868, Chr
###!!! [Child][MessageChannel::SendAndWait] Error: Channel error: cannot send/recv

1533372424396	geckodriver	INFO	geckodriver 0.21.0
1533372424408	geckodriver	INFO	Listening on 127.0.0.1:11729
1533372427427	mozrunner::runner	INFO	Running command: "C:\\Program Files\\Mozilla Firefox\\firefox.exe" "-marionette" "-foreground" "-no-remote" "-profile" "C:\\Users\\e27sa\\AppData\\Local\\Temp\\rust_mozprofile.DNBIpFiMow35"
Unable to read VR Path Registry from C:\Users\e27sa\AppData\Local\openvr\openvrpaths.vrpath
Unable to read VR Path Registry from C:\Users\e27sa\AppData\Local\openvr\openvrpaths.vrpath
Unable to read VR Path Registry from C:\Users\e27sa\AppData\Local\openvr\openvrpaths.vrpath
Unable to read VR Path Registry from C:\Users\e27sa\AppData\Local\openvr\openvrpaths.vrpath
Unable to read VR Path Registry from C:\Users\e27sa\AppData\Local\openvr\openvrpaths.vrpath
1533372433286	Marionette	INFO	Listening on port 11737
1533372433502	Marionette	WARN	TLS certificate errors will be ignored for this session
JavaScript error: http://mydy.dypatil.edu/rait/lib/javascript.php/1524215314/lib/requirejs/require.min.js, line 12: Error: Mismatched anonymous define() module: function(){return nt}
http://requirejs.org/docs/errors.html#mismatch
JavaScript error: http://mydy.dypatil.edu/rait/login/index.php?uname=suj.rok.rt17@rait.ac.in&wantsurl=, line 243: TypeError: M.theme_essential is undefined
[Child 7736, Chrome_ChildThread] WARNING: pipe error: 109: file z:/build/build/src/ipc/chromium/src/chrome/common/ipc_channel_[Child 11win.cc, lin080, e 346
Chrome_ChildThread] WARNING: pipe error: 109: file z:/build/build/src/ipc/chromium/src/chrome/common/ipc_channel_win.cc, line 346
[Child 11[Parent 9124, Gecko_IOThread] WARNING: pipe error: 109: file z:/build/build/src/ipc/chromium/src/chrome/common/ipc_channel_win.cc, line 346
*** UTM:SVC TimerManager:registerTimer called after profile-before-change notification. Ignoring timer registration for id: telemetry_modules_ping
[GPU 2872, Chrom
###!!! [Child][MessageChannel::SendAndWait] Error: Channel error: cannot send/recv

